Library/Bee/Android/Prj/Mono2x/Gradle/launcher/build/intermediates/manifest_merge_blame_file/release/manifest-merger-blame-release-report.txt
1<?xml version="1.0" encoding="utf-8"?>
2<manifest xmlns:android="http://schemas.android.com/apk/res/android"
3    package="com.harish.speed_racing"
4    android:installLocation="preferExternal"
5    android:versionCode="1"
6    android:versionName="1.0" >
7
8    <uses-sdk
9        android:minSdkVersion="22"
9-->src\main\AndroidManifest.xml
10        android:targetSdkVersion="32" />
10-->src\main\AndroidManifest.xml
11
12    <supports-screens
12-->src\main\AndroidManifest.xml:4:3-163
13        android:anyDensity="true"
13-->src\main\AndroidManifest.xml:4:135-160
14        android:largeScreens="true"
14-->src\main\AndroidManifest.xml:4:78-105
15        android:normalScreens="true"
15-->src\main\AndroidManifest.xml:4:49-77
16        android:smallScreens="true"
16-->src\main\AndroidManifest.xml:4:21-48
17        android:xlargeScreens="true" />
17-->src\main\AndroidManifest.xml:4:106-134
18
19    <uses-permission android:name="android.permission.INTERNET" />
19-->[:unityLibrary] AndroidManifest.xml:10:5-67
19-->[:unityLibrary] AndroidManifest.xml:10:22-64
20
21    <uses-feature android:glEsVersion="0x00020000" />
21-->[:unityLibrary] AndroidManifest.xml:12:5-54
21-->[:unityLibrary] AndroidManifest.xml:12:19-51
22    <uses-feature
22-->[:unityLibrary] AndroidManifest.xml:13:5-15:36
23        android:name="android.hardware.sensor.accelerometer"
23-->[:unityLibrary] AndroidManifest.xml:14:9-61
24        android:required="false" />
24-->[:unityLibrary] AndroidManifest.xml:15:9-33
25    <uses-feature
25-->[:unityLibrary] AndroidManifest.xml:16:5-18:36
26        android:name="android.hardware.touchscreen"
26-->[:unityLibrary] AndroidManifest.xml:17:9-52
27        android:required="false" />
27-->[:unityLibrary] AndroidManifest.xml:18:9-33
28    <uses-feature
28-->[:unityLibrary] AndroidManifest.xml:19:5-21:36
29        android:name="android.hardware.touchscreen.multitouch"
29-->[:unityLibrary] AndroidManifest.xml:20:9-63
30        android:required="false" />
30-->[:unityLibrary] AndroidManifest.xml:21:9-33
31    <uses-feature
31-->[:unityLibrary] AndroidManifest.xml:22:5-24:36
32        android:name="android.hardware.touchscreen.multitouch.distinct"
32-->[:unityLibrary] AndroidManifest.xml:23:9-72
33        android:required="false" />
33-->[:unityLibrary] AndroidManifest.xml:24:9-33
34
35    <application
35-->src\main\AndroidManifest.xml:3:3-121
36        android:banner="@drawable/app_banner"
36-->src\main\AndroidManifest.xml:3:81-118
37        android:extractNativeLibs="true"
37-->[:unityLibrary] AndroidManifest.xml:27:9-41
38        android:icon="@mipmap/app_icon"
38-->src\main\AndroidManifest.xml:3:49-80
39        android:isGame="true"
39-->[:unityLibrary] AndroidManifest.xml:28:9-30
40        android:label="@string/app_name" >
40-->src\main\AndroidManifest.xml:3:16-48
41        <meta-data
41-->[:unityLibrary] AndroidManifest.xml:29:9-31:33
42            android:name="unity.splash-mode"
42-->[:unityLibrary] AndroidManifest.xml:30:13-45
43            android:value="0" />
43-->[:unityLibrary] AndroidManifest.xml:31:13-30
44        <meta-data
44-->[:unityLibrary] AndroidManifest.xml:32:9-34:36
45            android:name="unity.splash-enable"
45-->[:unityLibrary] AndroidManifest.xml:33:13-47
46            android:value="True" />
46-->[:unityLibrary] AndroidManifest.xml:34:13-33
47        <meta-data
47-->[:unityLibrary] AndroidManifest.xml:35:9-37:36
48            android:name="unity.launch-fullscreen"
48-->[:unityLibrary] AndroidManifest.xml:36:13-51
49            android:value="True" />
49-->[:unityLibrary] AndroidManifest.xml:37:13-33
50        <meta-data
50-->[:unityLibrary] AndroidManifest.xml:38:9-40:50
51            android:name="notch.config"
51-->[:unityLibrary] AndroidManifest.xml:39:13-40
52            android:value="portrait|landscape" />
52-->[:unityLibrary] AndroidManifest.xml:40:13-47
53        <meta-data
53-->[:unityLibrary] AndroidManifest.xml:41:9-43:36
54            android:name="unity.auto-report-fully-drawn"
54-->[:unityLibrary] AndroidManifest.xml:42:13-57
55            android:value="true" />
55-->[:unityLibrary] AndroidManifest.xml:43:13-33
56
57        <activity
57-->[:unityLibrary] AndroidManifest.xml:45:9-73:20
58            android:name="com.unity3d.player.UnityPlayerActivity"
58-->[:unityLibrary] AndroidManifest.xml:46:13-66
59            android:configChanges="mcc|mnc|locale|touchscreen|keyboard|keyboardHidden|navigation|orientation|screenLayout|uiMode|screenSize|smallestScreenSize|fontScale|layoutDirection|density"
59-->[:unityLibrary] AndroidManifest.xml:47:13-194
60            android:exported="true"
60-->[:unityLibrary] AndroidManifest.xml:48:13-36
61            android:hardwareAccelerated="false"
61-->[:unityLibrary] AndroidManifest.xml:49:13-48
62            android:launchMode="singleTask"
62-->[:unityLibrary] AndroidManifest.xml:50:13-44
63            android:resizeableActivity="false"
63-->[:unityLibrary] AndroidManifest.xml:51:13-47
64            android:screenOrientation="portrait"
64-->[:unityLibrary] AndroidManifest.xml:52:13-49
65            android:theme="@style/UnityThemeSelector" >
65-->[:unityLibrary] AndroidManifest.xml:53:13-54
66            <intent-filter>
66-->[:unityLibrary] AndroidManifest.xml:54:13-59:29
67                <category android:name="android.intent.category.LAUNCHER" />
67-->[:unityLibrary] AndroidManifest.xml:55:17-77
67-->[:unityLibrary] AndroidManifest.xml:55:27-74
68                <category android:name="android.intent.category.LEANBACK_LAUNCHER" />
68-->[:unityLibrary] AndroidManifest.xml:56:17-86
68-->[:unityLibrary] AndroidManifest.xml:56:27-83
69
70                <action android:name="android.intent.action.MAIN" />
70-->[:unityLibrary] AndroidManifest.xml:58:17-69
70-->[:unityLibrary] AndroidManifest.xml:58:25-66
71            </intent-filter>
72
73            <meta-data
73-->[:unityLibrary] AndroidManifest.xml:61:13-63:40
74                android:name="unityplayer.UnityActivity"
74-->[:unityLibrary] AndroidManifest.xml:62:17-57
75                android:value="true" />
75-->[:unityLibrary] AndroidManifest.xml:63:17-37
76            <meta-data
76-->[:unityLibrary] AndroidManifest.xml:64:13-66:40
77                android:name="notch_support"
77-->[:unityLibrary] AndroidManifest.xml:65:17-45
78                android:value="true" />
78-->[:unityLibrary] AndroidManifest.xml:66:17-37
79
80            <layout
80-->[:unityLibrary] AndroidManifest.xml:68:13-72:44
81                android:defaultHeight="1080px"
81-->[:unityLibrary] AndroidManifest.xml:69:17-47
82                android:defaultWidth="1920px"
82-->[:unityLibrary] AndroidManifest.xml:70:17-46
83                android:minHeight="300px"
83-->[:unityLibrary] AndroidManifest.xml:71:17-42
84                android:minWidth="400px" />
84-->[:unityLibrary] AndroidManifest.xml:72:17-41
85        </activity>
86    </application>
87
88</manifest>